<?xml version="1.0" encoding="UTF-8"?>
<!-- Generated by org.testng.reporters.JUnitXMLReporter -->
<testsuite ignored="2" hostname="DESKTOP-EK12KD1" failures="0" tests="2" name="Ducat" time="0.128" errors="0" timestamp="2024-01-28T11:21:58 IST">
  <testcase classname="ducat.FirstTest" name="abc" time="0.014"/>
  <testcase classname="ducat.FirstTest" name="hello" time="0.002"/>
  <testcase classname="ducat.SecondTest" name="batman" time="0.0">
    <ignored/>
  </testcase> <!-- batman -->
  <testcase classname="ducat.FirstTest" name="karan" time="0.0">
    <ignored/>
  </testcase> <!-- karan -->
</testsuite> <!-- Ducat -->
